2022-07-27 09:31:05,266 INFO org.springframework.boot.StartupInfoLogger [restartedMain] Starting SummitBootcampApplication using Java 11.0.15 on lnb035997spo with PID 2706516 (/home/anaalves/Baygon-MyMusic/MyMusic/target/classes started by CIANDT\anaalves in /home/anaalves/Baygon-MyMusic/MyMusic)
2022-07-27 09:31:05,268 DEBUG org.springframework.boot.StartupInfoLogger [restartedMain] Running with Spring Boot v2.6.3, Spring v5.3.15
2022-07-27 09:31:05,268 INFO org.springframework.boot.SpringApplication [restartedMain] No active profile set, falling back to default profiles: default
2022-07-27 09:31:05,309 INFO org.springframework.boot.logging.DeferredLog [restartedMain] Devtools property defaults active! Set 'spring.devtools.add-properties' to 'false' to disable
2022-07-27 09:31:05,310 INFO org.springframework.boot.logging.DeferredLog [restartedMain] For additional web related logging consider setting the 'logging.level.web' property to 'DEBUG'
2022-07-27 09:31:05,909 INFO org.springframework.data.repository.config.RepositoryConfigurationDelegate [restartedMain] Bootstrapping Spring Data JPA repositories in DEFAULT mode.
2022-07-27 09:31:05,925 INFO org.springframework.data.repository.config.RepositoryConfigurationDelegate [restartedMain] Finished Spring Data repository scanning in 8 ms. Found 0 JPA repository interfaces.
2022-07-27 09:31:06,316 INFO org.springframework.boot.web.embedded.tomcat.TomcatWebServer [restartedMain] Tomcat initialized with port(s): 8080 (http)
2022-07-27 09:31:06,324 INFO org.apache.juli.logging.DirectJDKLog [restartedMain] Starting service [Tomcat]
2022-07-27 09:31:06,324 INFO org.apache.juli.logging.DirectJDKLog [restartedMain] Starting Servlet engine: [Apache Tomcat/9.0.56]
2022-07-27 09:31:06,363 INFO org.apache.juli.logging.DirectJDKLog [restartedMain] Initializing Spring embedded WebApplicationContext
2022-07-27 09:31:06,363 INFO org.springframework.boot.web.servlet.context.ServletWebServerApplicationContext [restartedMain] Root WebApplicationContext: initialization completed in 1053 ms
2022-07-27 09:31:06,553 INFO org.hibernate.jpa.internal.util.LogHelper [restartedMain] HHH000204: Processing PersistenceUnitInfo [name: default]
2022-07-27 09:31:06,584 INFO org.hibernate.Version [restartedMain] HHH000412: Hibernate ORM core version 5.6.4.Final
2022-07-27 09:31:06,707 INFO org.hibernate.annotations.common.reflection.java.JavaReflectionManager [restartedMain] HCANN000001: Hibernate Commons Annotations {5.1.2.Final}
2022-07-27 09:31:06,753 INFO org.hibernate.dialect.Dialect [restartedMain] HHH000400: Using dialect: org.hibernate.dialect.SQLiteDialect
2022-07-27 09:31:06,951 INFO org.hibernate.engine.transaction.jta.platform.internal.JtaPlatformInitiator [restartedMain] HHH000490: Using JtaPlatform implementation: [org.hibernate.engine.transaction.jta.platform.internal.NoJtaPlatform]
2022-07-27 09:31:06,958 INFO org.springframework.orm.jpa.AbstractEntityManagerFactoryBean [restartedMain] Initialized JPA EntityManagerFactory for persistence unit 'default'
2022-07-27 09:31:06,995 WARN org.springframework.boot.autoconfigure.orm.jpa.JpaBaseConfiguration$JpaWebConfiguration [restartedMain] spring.jpa.open-in-view is enabled by default. Therefore, database queries may be performed during view rendering. Explicitly configure spring.jpa.open-in-view to disable this warning
2022-07-27 09:31:07,304 INFO org.springframework.boot.devtools.autoconfigure.OptionalLiveReloadServer [restartedMain] LiveReload server is running on port 35729
2022-07-27 09:31:07,308 INFO org.springframework.boot.actuate.endpoint.web.EndpointLinksResolver [restartedMain] Exposing 1 endpoint(s) beneath base path '/actuator'
2022-07-27 09:31:07,331 INFO org.springframework.boot.web.embedded.tomcat.TomcatWebServer [restartedMain] Tomcat started on port(s): 8080 (http) with context path ''
2022-07-27 09:31:07,342 INFO org.springframework.boot.StartupInfoLogger [restartedMain] Started SummitBootcampApplication in 2.4 seconds (JVM running for 2.859)
2022-07-27 09:35:50,496 INFO org.springframework.boot.StartupInfoLogger [restartedMain] Starting SummitBootcampApplication using Java 11.0.15 on lnb035997spo with PID 2707335 (/home/anaalves/Baygon-MyMusic/MyMusic/target/classes started by CIANDT\anaalves in /home/anaalves/Baygon-MyMusic/MyMusic)
2022-07-27 09:35:50,498 DEBUG org.springframework.boot.StartupInfoLogger [restartedMain] Running with Spring Boot v2.6.3, Spring v5.3.15
2022-07-27 09:35:50,498 INFO org.springframework.boot.SpringApplication [restartedMain] No active profile set, falling back to default profiles: default
2022-07-27 09:35:52,417 INFO org.springframework.boot.StartupInfoLogger [restartedMain] Started SummitBootcampApplication in 2.218 seconds (JVM running for 2.642)
2022-07-27 09:36:19,462 INFO org.springframework.boot.StartupInfoLogger [restartedMain] Starting SummitBootcampApplication using Java 11.0.15 on lnb035997spo with PID 2707461 (/home/anaalves/Baygon-MyMusic/MyMusic/target/classes started by CIANDT\anaalves in /home/anaalves/Baygon-MyMusic/MyMusic)
2022-07-27 09:36:19,463 DEBUG org.springframework.boot.StartupInfoLogger [restartedMain] Running with Spring Boot v2.6.3, Spring v5.3.15
2022-07-27 09:36:19,464 INFO org.springframework.boot.SpringApplication [restartedMain] No active profile set, falling back to default profiles: default
2022-07-27 09:36:19,501 INFO org.springframework.boot.logging.DeferredLog [restartedMain] Devtools property defaults active! Set 'spring.devtools.add-properties' to 'false' to disable
2022-07-27 09:36:19,501 INFO org.springframework.boot.logging.DeferredLog [restartedMain] For additional web related logging consider setting the 'logging.level.web' property to 'DEBUG'
2022-07-27 09:36:20,031 INFO org.springframework.data.repository.config.RepositoryConfigurationDelegate [restartedMain] Bootstrapping Spring Data JPA repositories in DEFAULT mode.
2022-07-27 09:36:20,043 INFO org.springframework.data.repository.config.RepositoryConfigurationDelegate [restartedMain] Finished Spring Data repository scanning in 5 ms. Found 0 JPA repository interfaces.
2022-07-27 09:36:20,408 INFO org.springframework.boot.web.embedded.tomcat.TomcatWebServer [restartedMain] Tomcat initialized with port(s): 8080 (http)
2022-07-27 09:36:20,415 INFO org.apache.juli.logging.DirectJDKLog [restartedMain] Starting service [Tomcat]
2022-07-27 09:36:20,415 INFO org.apache.juli.logging.DirectJDKLog [restartedMain] Starting Servlet engine: [Apache Tomcat/9.0.56]
2022-07-27 09:36:20,459 INFO org.apache.juli.logging.DirectJDKLog [restartedMain] Initializing Spring embedded WebApplicationContext
2022-07-27 09:36:20,459 INFO org.springframework.boot.web.servlet.context.ServletWebServerApplicationContext [restartedMain] Root WebApplicationContext: initialization completed in 957 ms
2022-07-27 09:36:20,637 INFO org.hibernate.jpa.internal.util.LogHelper [restartedMain] HHH000204: Processing PersistenceUnitInfo [name: default]
2022-07-27 09:36:20,668 INFO org.hibernate.Version [restartedMain] HHH000412: Hibernate ORM core version 5.6.4.Final
2022-07-27 09:36:20,780 INFO org.hibernate.annotations.common.reflection.java.JavaReflectionManager [restartedMain] HCANN000001: Hibernate Commons Annotations {5.1.2.Final}
2022-07-27 09:36:20,822 INFO org.hibernate.dialect.Dialect [restartedMain] HHH000400: Using dialect: org.hibernate.dialect.SQLiteDialect
2022-07-27 09:36:21,019 INFO org.hibernate.engine.transaction.jta.platform.internal.JtaPlatformInitiator [restartedMain] HHH000490: Using JtaPlatform implementation: [org.hibernate.engine.transaction.jta.platform.internal.NoJtaPlatform]
2022-07-27 09:36:21,025 INFO org.springframework.orm.jpa.AbstractEntityManagerFactoryBean [restartedMain] Initialized JPA EntityManagerFactory for persistence unit 'default'
2022-07-27 09:36:21,060 WARN org.springframework.boot.autoconfigure.orm.jpa.JpaBaseConfiguration$JpaWebConfiguration [restartedMain] spring.jpa.open-in-view is enabled by default. Therefore, database queries may be performed during view rendering. Explicitly configure spring.jpa.open-in-view to disable this warning
2022-07-27 09:36:21,378 INFO org.springframework.boot.devtools.autoconfigure.OptionalLiveReloadServer [restartedMain] LiveReload server is running on port 35729
2022-07-27 09:36:21,382 INFO org.springframework.boot.actuate.endpoint.web.EndpointLinksResolver [restartedMain] Exposing 1 endpoint(s) beneath base path '/actuator'
2022-07-27 09:36:21,406 INFO org.springframework.boot.web.embedded.tomcat.TomcatWebServer [restartedMain] Tomcat started on port(s): 8080 (http) with context path ''
2022-07-27 09:36:21,419 INFO org.springframework.boot.StartupInfoLogger [restartedMain] Started SummitBootcampApplication in 2.268 seconds (JVM running for 2.746)
2022-07-27 09:37:52,173 INFO org.springframework.orm.jpa.AbstractEntityManagerFactoryBean [SpringApplicationShutdownHook] Closing JPA EntityManagerFactory for persistence unit 'default'
